app/build/intermediates/manifest_merge_blame_file/debug/manifest-merger-blame-debug-report.txt
1<?xml version="1.0" encoding="utf-8"?>
2<manifest xmlns:android="http://schemas.android.com/apk/res/android"
3    package="com.example.board"
4    android:versionCode="1"
5    android:versionName="1.0" >
6
7    <uses-sdk
8        android:minSdkVersion="23"
8-->src/main/AndroidManifest.xml
9        android:targetSdkVersion="30" />
9-->src/main/AndroidManifest.xml
10
11    <application
11-->src/main/AndroidManifest.xml:4:5-24:19
12        android:allowBackup="true"
12-->src/main/AndroidManifest.xml:5:9-35
13        android:appComponentFactory="androidx.core.app.CoreComponentFactory"
13-->[androidx.core:core:1.3.1] AndroidManifest.xml:24:18-86
14        android:debuggable="true"
15        android:extractNativeLibs="false"
16        android:icon="@mipmap/ic_launcher"
16-->src/main/AndroidManifest.xml:6:9-43
17        android:label="@string/app_name"
17-->src/main/AndroidManifest.xml:7:9-41
18        android:roundIcon="@mipmap/ic_launcher_round"
18-->src/main/AndroidManifest.xml:8:9-54
19        android:supportsRtl="true"
19-->src/main/AndroidManifest.xml:9:9-35
20        android:testOnly="true"
21        android:theme="@style/Theme.Board" >
21-->src/main/AndroidManifest.xml:10:9-43
22        <activity android:name="com.example.board.TemplateClass" />
22-->src/main/AndroidManifest.xml:11:9-60
22-->src/main/AndroidManifest.xml:11:19-48
23        <activity android:name="com.example.board.Graphic" />
23-->src/main/AndroidManifest.xml:12:9-54
23-->src/main/AndroidManifest.xml:12:19-42
24        <activity android:name="com.example.board.ScrumBoard" />
24-->src/main/AndroidManifest.xml:13:9-57
24-->src/main/AndroidManifest.xml:13:19-45
25        <activity android:name="com.example.board.TemplatePrioriteesClass" />
25-->src/main/AndroidManifest.xml:14:9-70
25-->src/main/AndroidManifest.xml:14:19-58
26        <activity android:name="com.example.board.DailyLife" />
26-->src/main/AndroidManifest.xml:15:9-56
26-->src/main/AndroidManifest.xml:15:19-44
27        <activity android:name="com.example.board.MainActivity" >
27-->src/main/AndroidManifest.xml:16:9-22:20
27-->src/main/AndroidManifest.xml:16:19-47
28            <intent-filter>
28-->src/main/AndroidManifest.xml:17:13-21:29
29                <action android:name="android.intent.action.MAIN" />
29-->src/main/AndroidManifest.xml:18:17-69
29-->src/main/AndroidManifest.xml:18:25-66
30
31                <category android:name="android.intent.category.LAUNCHER" />
31-->src/main/AndroidManifest.xml:20:17-77
31-->src/main/AndroidManifest.xml:20:27-74
32            </intent-filter>
33        </activity>
34    </application>
35
36</manifest>